2026-07-16 23:17:06 [error]: Error: connect ECONNREFUSED 127.0.0.1:5432
    at /home/bat/HEIMAT/src/backend/node_modules/pg-pool/index.js:45:11
    at processTicksAndRejections (node:internal/process/task_queues:95:5)
    at query (/home/bat/HEIMAT/src/backend/src/config/database.ts:74:18)
    at queryOne (/home/bat/HEIMAT/src/backend/src/config/database.ts:82:16)
    at FinanceService.getWallet (/home/bat/HEIMAT/src/backend/src/services/financeService.ts:23:20)
    at /home/bat/HEIMAT/src/backend/src/routes/finance.ts:11:18
2026-07-16 23:17:06 [error]: Error: connect ECONNREFUSED 127.0.0.1:5432
    at /home/bat/HEIMAT/src/backend/node_modules/pg-pool/index.js:45:11
    at processTicksAndRejections (node:internal/process/task_queues:95:5)
    at query (/home/bat/HEIMAT/src/backend/src/config/database.ts:74:18)
    at HealthService.searchDoctors (/home/bat/HEIMAT/src/backend/src/services/healthService.ts:142:34)
    at /home/bat/HEIMAT/src/backend/src/routes/healthService.ts:15:19
2026-07-16 23:17:06 [warn]: Cache-Lookup fehlgeschlagen: Error: connect ECONNREFUSED 127.0.0.1:5432
2026-07-16 23:17:06 [info]: ::ffff:127.0.0.1 - - [16/Jul/2026:21:17:06 +0000] "GET /api/finance/wallet/user1 HTTP/1.1" 500 66 "-" "-"
2026-07-16 23:17:06 [info]: ::ffff:127.0.0.1 - - [16/Jul/2026:21:17:06 +0000] "GET /api/health/doctors HTTP/1.1" 500 66 "-" "-"
2026-07-16 23:17:06 [error]: Error: connect ECONNREFUSED 127.0.0.1:5432
    at /home/bat/HEIMAT/src/backend/node_modules/pg-pool/index.js:45:11
    at processTicksAndRejections (node:internal/process/task_queues:95:5)
    at query (/home/bat/HEIMAT/src/backend/src/config/database.ts:74:18)
    at HealthService.searchDoctors (/home/bat/HEIMAT/src/backend/src/services/healthService.ts:142:34)
    at /home/bat/HEIMAT/src/backend/src/routes/healthService.ts:15:19
2026-07-16 23:17:06 [info]: ::ffff:127.0.0.1 - - [16/Jul/2026:21:17:06 +0000] "GET /api/health/doctors?specialty=Allgemeinmedizin HTTP/1.1" 500 66 "-" "-"
2026-07-16 23:17:06 [error]: Error: connect ECONNREFUSED 127.0.0.1:5432
    at /home/bat/HEIMAT/src/backend/node_modules/pg-pool/index.js:45:11
    at processTicksAndRejections (node:internal/process/task_queues:95:5)
    at query (/home/bat/HEIMAT/src/backend/src/config/database.ts:74:18)
    at HealthService.searchDoctors (/home/bat/HEIMAT/src/backend/src/services/healthService.ts:142:34)
    at /home/bat/HEIMAT/src/backend/src/routes/healthService.ts:15:19
2026-07-16 23:17:06 [error]: Error: connect ECONNREFUSED 127.0.0.1:5432
    at /home/bat/HEIMAT/src/backend/node_modules/pg-pool/index.js:45:11
    at processTicksAndRejections (node:internal/process/task_queues:95:5)
    at query (/home/bat/HEIMAT/src/backend/src/config/database.ts:74:18)
    at queryOne (/home/bat/HEIMAT/src/backend/src/config/database.ts:82:16)
    at FinanceService.getWallet (/home/bat/HEIMAT/src/backend/src/services/financeService.ts:23:20)
    at FinanceService.createPayment (/home/bat/HEIMAT/src/backend/src/services/financeService.ts:46:24)
    at /home/bat/HEIMAT/src/backend/src/routes/finance.ts:19:23
2026-07-16 23:17:06 [info]: ::ffff:127.0.0.1 - - [16/Jul/2026:21:17:06 +0000] "POST /api/finance/pay HTTP/1.1" 500 66 "-" "-"
2026-07-16 23:17:06 [info]: ::ffff:127.0.0.1 - - [16/Jul/2026:21:17:06 +0000] "GET /api/health/doctors HTTP/1.1" 500 66 "-" "-"
2026-07-16 23:17:06 [error]: Error: connect ECONNREFUSED 127.0.0.1:5432
    at /home/bat/HEIMAT/src/backend/node_modules/pg-pool/index.js:45:11
    at processTicksAndRejections (node:internal/process/task_queues:95:5)
    at query (/home/bat/HEIMAT/src/backend/src/config/database.ts:74:18)
    at HealthService.searchDoctors (/home/bat/HEIMAT/src/backend/src/services/healthService.ts:142:34)
    at /home/bat/HEIMAT/src/backend/src/routes/healthService.ts:15:19
2026-07-16 23:17:06 [info]: ::ffff:127.0.0.1 - - [16/Jul/2026:21:17:06 +0000] "GET /api/health/doctors HTTP/1.1" 500 66 "-" "-"
2026-07-16 23:17:06 [error]: Error: Amount must be a positive number
    at /home/bat/HEIMAT/src/backend/src/routes/finance.ts:18:56
    at /home/bat/HEIMAT/src/backend/src/routes/finance.ts:8:74
    at Layer.handle [as handle_request] (/home/bat/HEIMAT/src/backend/node_modules/express/lib/router/layer.js:95:5)
    at next (/home/bat/HEIMAT/src/backend/node_modules/express/lib/router/route.js:149:13)
    at Route.dispatch (/home/bat/HEIMAT/src/backend/node_modules/express/lib/router/route.js:119:3)
    at Layer.handle [as handle_request] (/home/bat/HEIMAT/src/backend/node_modules/express/lib/router/layer.js:95:5)
    at /home/bat/HEIMAT/src/backend/node_modules/express/lib/router/index.js:284:15
    at Function.process_params (/home/bat/HEIMAT/src/backend/node_modules/express/lib/router/index.js:346:12)
    at next (/home/bat/HEIMAT/src/backend/node_modules/express/lib/router/index.js:280:10)
    at Function.handle (/home/bat/HEIMAT/src/backend/node_modules/express/lib/router/index.js:175:3)
    at router (/home/bat/HEIMAT/src/backend/node_modules/express/lib/router/index.js:47:12)
    at Layer.handle [as handle_request] (/home/bat/HEIMAT/src/backend/node_modules/express/lib/router/layer.js:95:5)
    at trim_prefix (/home/bat/HEIMAT/src/backend/node_modules/express/lib/router/index.js:328:13)
    at /home/bat/HEIMAT/src/backend/node_modules/express/lib/router/index.js:286:9
    at Function.process_params (/home/bat/HEIMAT/src/backend/node_modules/express/lib/router/index.js:346:12)
    at next (/home/bat/HEIMAT/src/backend/node_modules/express/lib/router/index.js:280:10)
    at logger (/home/bat/HEIMAT/src/backend/node_modules/morgan/index.js:170:5)
    at Layer.handle [as handle_request] (/home/bat/HEIMAT/src/backend/node_modules/express/lib/router/layer.js:95:5)
    at trim_prefix (/home/bat/HEIMAT/src/backend/node_modules/express/lib/router/index.js:328:13)
    at /home/bat/HEIMAT/src/backend/node_modules/express/lib/router/index.js:286:9
    at Function.process_params (/home/bat/HEIMAT/src/backend/node_modules/express/lib/router/index.js:346:12)
    at next (/home/bat/HEIMAT/src/backend/node_modules/express/lib/router/index.js:280:10)
    at compression (/home/bat/HEIMAT/src/backend/node_modules/compression/index.js:243:5)
    at Layer.handle [as handle_request] (/home/bat/HEIMAT/src/backend/node_modules/express/lib/router/layer.js:95:5)
    at trim_prefix (/home/bat/HEIMAT/src/backend/node_modules/express/lib/router/index.js:328:13)
    at /home/bat/HEIMAT/src/backend/node_modules/express/lib/router/index.js:286:9
    at Function.process_params (/home/bat/HEIMAT/src/backend/node_modules/express/lib/router/index.js:346:12)
    at next (/home/bat/HEIMAT/src/backend/node_modules/express/lib/router/index.js:280:10)
    at urlencodedParser (/home/bat/HEIMAT/src/backend/node_modules/body-parser/lib/types/urlencoded.js:86:7)
    at Layer.handle [as handle_request] (/home/bat/HEIMAT/src/backend/node_modules/express/lib/router/layer.js:95:5)
    at trim_prefix (/home/bat/HEIMAT/src/backend/node_modules/express/lib/router/index.js:328:13)
    at /home/bat/HEIMAT/src/backend/node_modules/express/lib/router/index.js:286:9
    at Function.process_params (/home/bat/HEIMAT/src/backend/node_modules/express/lib/router/index.js:346:12)
    at next (/home/bat/HEIMAT/src/backend/node_modules/express/lib/router/index.js:280:10)
    at /home/bat/HEIMAT/src/backend/node_modules/body-parser/lib/read.js:137:5
    at AsyncResource.runInAsyncScope (node:async_hooks:203:9)
    at invokeCallback (/home/bat/HEIMAT/src/backend/node_modules/raw-body/index.js:238:16)
    at done (/home/bat/HEIMAT/src/backend/node_modules/raw-body/index.js:227:7)
    at IncomingMessage.onEnd (/home/bat/HEIMAT/src/backend/node_modules/raw-body/index.js:287:7)
    at IncomingMessage.emit (node:events:517:28)
    at endReadableNT (node:internal/streams/readable:1400:12)
    at processTicksAndRejections (node:internal/process/task_queues:82:21)
2026-07-16 23:17:06 [info]: ::ffff:127.0.0.1 - - [16/Jul/2026:21:17:06 +0000] "POST /api/finance/pay HTTP/1.1" 400 63 "-" "-"
2026-07-16 23:17:06 [error]: Error: connect ECONNREFUSED 127.0.0.1:5432
    at /home/bat/HEIMAT/src/backend/node_modules/pg-pool/index.js:45:11
    at processTicksAndRejections (node:internal/process/task_queues:95:5)
    at query (/home/bat/HEIMAT/src/backend/src/config/database.ts:74:18)
    at HealthService.searchDoctors (/home/bat/HEIMAT/src/backend/src/services/healthService.ts:142:34)
    at /home/bat/HEIMAT/src/backend/src/routes/healthService.ts:15:19
2026-07-16 23:17:06 [info]: ::ffff:127.0.0.1 - - [16/Jul/2026:21:17:06 +0000] "GET /api/health/doctors HTTP/1.1" 500 66 "-" "-"
2026-07-16 23:17:06 [error]: Error: connect ECONNREFUSED 127.0.0.1:5432
    at /home/bat/HEIMAT/src/backend/node_modules/pg-pool/index.js:45:11
    at processTicksAndRejections (node:internal/process/task_queues:95:5)
    at query (/home/bat/HEIMAT/src/backend/src/config/database.ts:74:18)
    at /home/bat/HEIMAT/src/backend/src/routes/finance.ts:24:24
2026-07-16 23:17:06 [info]: ::ffff:127.0.0.1 - - [16/Jul/2026:21:17:06 +0000] "GET /api/finance/transactions/user1 HTTP/1.1" 500 66 "-" "-"
2026-07-16 23:17:10 [warn]: Schema-Sicherung (osm_id) fehlgeschlagen: Error: connect ECONNREFUSED 127.0.0.1:5432
2026-07-16 23:17:10 [info]: ::ffff:127.0.0.1 - - [16/Jul/2026:21:17:10 +0000] "GET /api/mobility/stops?lat=52.5200&lng=13.4050&radius=1000 HTTP/1.1" 200 - "-" "-"
2026-07-16 23:17:10 [error]: Error: Latitude and longitude are required
    at /home/bat/HEIMAT/src/backend/src/routes/mobility.ts:14:27
    at /home/bat/HEIMAT/src/backend/src/routes/mobility.ts:10:74
    at Layer.handle [as handle_request] (/home/bat/HEIMAT/src/backend/node_modules/express/lib/router/layer.js:95:5)
    at next (/home/bat/HEIMAT/src/backend/node_modules/express/lib/router/route.js:149:13)
    at Route.dispatch (/home/bat/HEIMAT/src/backend/node_modules/express/lib/router/route.js:119:3)
    at Layer.handle [as handle_request] (/home/bat/HEIMAT/src/backend/node_modules/express/lib/router/layer.js:95:5)
    at /home/bat/HEIMAT/src/backend/node_modules/express/lib/router/index.js:284:15
    at Function.process_params (/home/bat/HEIMAT/src/backend/node_modules/express/lib/router/index.js:346:12)
    at next (/home/bat/HEIMAT/src/backend/node_modules/express/lib/router/index.js:280:10)
    at Function.handle (/home/bat/HEIMAT/src/backend/node_modules/express/lib/router/index.js:175:3)
    at router (/home/bat/HEIMAT/src/backend/node_modules/express/lib/router/index.js:47:12)
    at Layer.handle [as handle_request] (/home/bat/HEIMAT/src/backend/node_modules/express/lib/router/layer.js:95:5)
    at trim_prefix (/home/bat/HEIMAT/src/backend/node_modules/express/lib/router/index.js:328:13)
    at /home/bat/HEIMAT/src/backend/node_modules/express/lib/router/index.js:286:9
    at Function.process_params (/home/bat/HEIMAT/src/backend/node_modules/express/lib/router/index.js:346:12)
    at next (/home/bat/HEIMAT/src/backend/node_modules/express/lib/router/index.js:280:10)
    at logger (/home/bat/HEIMAT/src/backend/node_modules/morgan/index.js:170:5)
    at Layer.handle [as handle_request] (/home/bat/HEIMAT/src/backend/node_modules/express/lib/router/layer.js:95:5)
    at trim_prefix (/home/bat/HEIMAT/src/backend/node_modules/express/lib/router/index.js:328:13)
    at /home/bat/HEIMAT/src/backend/node_modules/express/lib/router/index.js:286:9
    at Function.process_params (/home/bat/HEIMAT/src/backend/node_modules/express/lib/router/index.js:346:12)
    at next (/home/bat/HEIMAT/src/backend/node_modules/express/lib/router/index.js:280:10)
    at compression (/home/bat/HEIMAT/src/backend/node_modules/compression/index.js:243:5)
    at Layer.handle [as handle_request] (/home/bat/HEIMAT/src/backend/node_modules/express/lib/router/layer.js:95:5)
    at trim_prefix (/home/bat/HEIMAT/src/backend/node_modules/express/lib/router/index.js:328:13)
    at /home/bat/HEIMAT/src/backend/node_modules/express/lib/router/index.js:286:9
    at Function.process_params (/home/bat/HEIMAT/src/backend/node_modules/express/lib/router/index.js:346:12)
    at next (/home/bat/HEIMAT/src/backend/node_modules/express/lib/router/index.js:280:10)
    at urlencodedParser (/home/bat/HEIMAT/src/backend/node_modules/body-parser/lib/types/urlencoded.js:95:7)
    at Layer.handle [as handle_request] (/home/bat/HEIMAT/src/backend/node_modules/express/lib/router/layer.js:95:5)
    at trim_prefix (/home/bat/HEIMAT/src/backend/node_modules/express/lib/router/index.js:328:13)
    at /home/bat/HEIMAT/src/backend/node_modules/express/lib/router/index.js:286:9
    at Function.process_params (/home/bat/HEIMAT/src/backend/node_modules/express/lib/router/index.js:346:12)
    at next (/home/bat/HEIMAT/src/backend/node_modules/express/lib/router/index.js:280:10)
    at jsonParser (/home/bat/HEIMAT/src/backend/node_modules/body-parser/lib/types/json.js:117:7)
    at Layer.handle [as handle_request] (/home/bat/HEIMAT/src/backend/node_modules/express/lib/router/layer.js:95:5)
    at trim_prefix (/home/bat/HEIMAT/src/backend/node_modules/express/lib/router/index.js:328:13)
    at /home/bat/HEIMAT/src/backend/node_modules/express/lib/router/index.js:286:9
    at Function.process_params (/home/bat/HEIMAT/src/backend/node_modules/express/lib/router/index.js:346:12)
    at next (/home/bat/HEIMAT/src/backend/node_modules/express/lib/router/index.js:280:10)
    at /home/bat/HEIMAT/src/backend/node_modules/express-rate-limit/dist/index.cjs:807:7
    at processTicksAndRejections (node:internal/process/task_queues:95:5)
    at /home/bat/HEIMAT/src/backend/node_modules/express-rate-limit/dist/index.cjs:691:5
2026-07-16 23:17:10 [info]: ::ffff:127.0.0.1 - - [16/Jul/2026:21:17:10 +0000] "GET /api/mobility/stops HTTP/1.1" 400 66 "-" "-"
2026-07-16 23:17:10 [warn]: Cache-Lookup fehlgeschlagen: Error: connect ECONNREFUSED 127.0.0.1:5432
2026-07-16 23:17:17 [warn]: Schema-Sicherung (osm_id) fehlgeschlagen: Error: connect ECONNREFUSED 127.0.0.1:5432
2026-07-16 23:17:17 [info]: ::ffff:127.0.0.1 - - [16/Jul/2026:21:17:17 +0000] "GET /api/mobility/stops?lat=52.5200&lng=13.4050&radius=5000 HTTP/1.1" 200 - "-" "-"
2026-07-16 23:17:17 [error]: Error: connect ECONNREFUSED 127.0.0.1:5432
    at /home/bat/HEIMAT/src/backend/node_modules/pg-pool/index.js:45:11
    at processTicksAndRejections (node:internal/process/task_queues:95:5)
    at query (/home/bat/HEIMAT/src/backend/src/config/database.ts:74:18)
    at queryOne (/home/bat/HEIMAT/src/backend/src/config/database.ts:82:16)
    at MobilityService.getStopById (/home/bat/HEIMAT/src/backend/src/services/mobilityService.ts:153:9)
    at /home/bat/HEIMAT/src/backend/src/routes/mobility.ts:31:16
2026-07-16 23:17:17 [info]: ::ffff:127.0.0.1 - - [16/Jul/2026:21:17:17 +0000] "GET /api/mobility/stops/21302157 HTTP/1.1" 500 66 "-" "-"
